\BOOKMARK [0][-]{chapter*.1}{\376\377\000I\000n\000h\000a\000l\000t\000s\000v\000e\000r\000z\000e\000i\000c\000h\000n\000i\000s}{}% 1
\BOOKMARK [0][-]{chapter.1}{\376\377\000E\000i\000n\000l\000e\000i\000t\000u\000n\000g}{}% 2
\BOOKMARK [0][-]{chapter.2}{\376\377\000P\000o\000t\000e\000n\000z\000i\000a\000l\000\040\000v\000o\000n\000\040\000e\000m\000o\000t\000i\000o\000n\000a\000l\000e\000m\000\040\000D\000e\000s\000i\000g\000n}{}% 3
\BOOKMARK [1][-]{section.2.1}{\376\377\000E\000b\000e\000n\000e\000n\000\040\000d\000e\000r\000\040\000e\000m\000o\000t\000i\000o\000n\000a\000l\000e\000n\000\040\000V\000e\000r\000a\000r\000b\000e\000i\000t\000u\000n\000g}{chapter.2}% 4
\BOOKMARK [0][-]{chapter.3}{\376\377\000E\000m\000o\000t\000i\000o\000n\000e\000n\000\040\000-\000\040\000G\000r\000u\000n\000d\000l\000a\000g\000e\000n}{}% 5
\BOOKMARK [0][-]{chapter.4}{\376\377\000V\000e\000r\000w\000e\000n\000d\000u\000n\000g\000\040\000v\000o\000m\000\040\000E\000m\000o\000t\000i\000o\000n\000e\000n\000\040\000i\000m\000\040\000D\000e\000s\000i\000g\000n}{}% 6
\BOOKMARK [1][-]{section.4.1}{\376\377\000M\000o\000t\000i\000v\000a\000t\000i\000o\000n\000\040\000u\000n\000d\000\040\000E\000m\000o\000t\000i\000o\000n\000e\000n}{chapter.4}% 7
\BOOKMARK [1][-]{section.4.2}{\376\377\000M\000o\000t\000i\000v\000a\000t\000i\000o\000n\000\040\000u\000n\000d\000\040\000E\000m\000o\000t\000i\000o\000n\000e\000n}{chapter.4}% 8
\BOOKMARK [1][-]{section.4.3}{\376\377\000A\000n\000g\000s\000t\000,\000\040\000\334\000b\000e\000r\000r\000a\000s\000c\000h\000u\000n\000g\000,\000\040\000W\000u\000t}{chapter.4}% 9
\BOOKMARK [0][-]{chapter.5}{\376\377\000B\000e\000z\000i\000e\000h\000u\000n\000g\000/\000K\000o\000n\000f\000l\000i\000k\000t\000\040\000v\000o\000n\000\040\000D\000e\000s\000i\000g\000n\000,\000\040\000M\000a\000r\000k\000e\000t\000i\000n\000g\000\040\000u\000n\000d\000\040\000B\000e\000n\000u\000t\000z\000e\000r\000f\000r\000e\000u\000n\000d\000l\000i\000c\000h\000k\000e\000i\000t}{}% 10
\BOOKMARK [1][-]{section.5.1}{\376\377\000E\000m\000o\000t\000i\000o\000n\000a\000l\000e\000r\000\040\000E\000i\000n\000f\000l\000u\000s\000s\000\040\000v\000o\000n\000\040\000F\000a\000r\000b\000e\000n\000\040\000i\000m\000\040\000W\000e\000b\000d\000e\000s\000i\000g\000n}{chapter.5}% 11
\BOOKMARK [1][-]{section.5.2}{\376\377\000K\000u\000l\000t\000u\000r\000k\000r\000e\000i\000s\000a\000b\000h\000\344\000n\000g\000i\000g\000e\000s\000\040\000D\000e\000s\000i\000g\000n\000\040\000u\000n\000d\000\040\000F\000a\000r\000b\000w\000a\000h\000r\000n\000e\000h\000m\000u\000n\000g}{chapter.5}% 12
\BOOKMARK [1][-]{section.5.3}{\376\377\000M\000o\000t\000i\000v\000a\000t\000i\000o\000n\000s\000q\000u\000a\000d\000r\000a\000n\000t\000e\000n}{chapter.5}% 13
\BOOKMARK [2][-]{subsection.5.3.1}{\376\377\0001\000.\000\040\000O\000p\000t\000i\000m\000i\000s\000t\000i\000s\000c\000h}{section.5.3}% 14
\BOOKMARK [2][-]{subsection.5.3.2}{\376\377\0002\000.\000\040\000S\000i\000c\000h\000e\000r}{section.5.3}% 15
\BOOKMARK [2][-]{subsection.5.3.3}{\376\377\0003\000.\000\040\000P\000e\000s\000s\000i\000m\000i\000s\000t\000i\000s\000c\000h}{section.5.3}% 16
\BOOKMARK [2][-]{subsection.5.3.4}{\376\377\0004\000.\000\040\000U\000n\000s\000i\000c\000h\000e\000r}{section.5.3}% 17
\BOOKMARK [0][-]{chapter.6}{\376\377\000E\000m\000o\000t\000i\000o\000n\000a\000l\000e\000r\000\040\000E\000i\000n\000f\000l\000u\000s\000s\000\040\000i\000m\000\040\000W\000e\000b\000d\000e\000s\000i\000g\000n}{}% 18
\BOOKMARK [1][-]{section.6.1}{\376\377\000E\000m\000o\000t\000i\000o\000n\000a\000l\000e\000r\000\040\000E\000i\000n\000f\000l\000u\000s\000s\000\040\000v\000o\000n\000\040\000a\000k\000u\000s\000t\000i\000s\000c\000h\000e\000n\000\040\000S\000i\000g\000n\000a\000l\000e\000n}{chapter.6}% 19
\BOOKMARK [1][-]{section.6.2}{\376\377\000E\000m\000o\000t\000i\000o\000n\000a\000l\000e\000r\000\040\000E\000i\000n\000f\000l\000u\000s\000s\000\040\000v\000o\000n\000\040\000a\000u\000d\000i\000o\000v\000i\000s\000u\000e\000l\000l\000e\000n\000\040\000M\000e\000d\000i\000e\000n}{chapter.6}% 20
\BOOKMARK [1][-]{section.6.3}{\376\377\000Z\000u\000s\000a\000m\000m\000e\000n\000f\000a\000s\000s\000u\000n\000g\000\040\000d\000e\000r\000\040\000E\000i\000n\000f\000l\000\374\000s\000s\000e}{chapter.6}% 21
\BOOKMARK [0][-]{chapter.7}{\376\377\000U\000m\000s\000e\000t\000z\000u\000n\000g\000\040\000-\000\040\000b\000e\000w\000u\000s\000s\000t\000e\000s\000\040\000A\000n\000s\000p\000r\000e\000c\000h\000e\000n\000\040\000v\000o\000n\000\040\000E\000m\000o\000t\000i\000o\000n\000e\000n}{}% 22
\BOOKMARK [1][-]{section.7.1}{\376\377\000W\000e\000b\000s\000e\000i\000t\000e\000\040\000-\000\040\000b\000e\000w\000u\000s\000s\000t\000e\000s\000\040\000E\000i\000n\000s\000e\000t\000z\000e\000n\000\040\000g\000e\000s\000t\000a\000l\000t\000e\000r\000i\000s\000c\000h\000e\000r\000\040\000E\000l\000e\000m\000e\000n\000t\000e\000,\000\040\000u\000m\000\040\000G\000e\000l\000a\000s\000s\000e\000n\000h\000e\000i\000t\000\040\000z\000u\000\040\000e\000r\000z\000e\000u\000g\000e\000n}{chapter.7}% 23
\BOOKMARK [1][-]{section.7.2}{\376\377\000W\000e\000b\000s\000e\000i\000t\000e\000\040\000-\000\040\000b\000e\000w\000u\000s\000s\000t\000e\000s\000\040\000E\000i\000n\000s\000e\000t\000z\000e\000n\000\040\000d\000e\000r\000\040\000E\000l\000e\000m\000e\000n\000t\000e\000\040\000f\000\374\000r\000\040\000d\000i\000e\000\040\000I\000n\000d\000u\000z\000i\000e\000r\000u\000n\000g\000\040\000v\000o\000n\000\040\000N\000o\000s\000t\000a\000l\000g\000i\000e}{chapter.7}% 24
\BOOKMARK [1][-]{section.7.3}{\376\377\000W\000e\000b\000s\000e\000i\000t\000e\000\040\000-\000\040\000b\000e\000w\000u\000s\000s\000t\000e\000s\000\040\000E\000i\000n\000s\000e\000t\000z\000e\000n\000\040\000v\000o\000n\000\040\000n\000e\000g\000a\000t\000i\000v\000e\000n\000\040\000E\000m\000o\000t\000i\000o\000n\000e\000n\000\040\000S\000t\000r\000e\000s\000s\000\040\000-\000\040\000U\000n\000s\000i\000c\000h\000e\000r\000h\000e\000i\000t\000\040\000-\000\040\000A\000n\000g\000s\000t}{chapter.7}% 25
\BOOKMARK [2][-]{subsection.7.3.1}{\376\377\000S\000t\000r\000e\000s\000s}{section.7.3}% 26
\BOOKMARK [2][-]{subsection.7.3.2}{\376\377\000U\000n\000s\000i\000c\000h\000e\000r\000h\000e\000i\000t}{section.7.3}% 27
\BOOKMARK [2][-]{subsection.7.3.3}{\376\377\000A\000n\000g\000s\000t}{section.7.3}% 28
\BOOKMARK [1][-]{section.7.4}{\376\377\000I\000m\000p\000l\000i\000k\000a\000t\000i\000o\000n\000e\000n}{chapter.7}% 29
\BOOKMARK [2][-]{subsection.7.4.1}{\376\377\000S\000p\000r\000a\000c\000h\000l\000i\000c\000h\000e\000\040\000R\000e\000l\000a\000t\000i\000v\000i\000t\000\344\000t}{section.7.4}% 30
\BOOKMARK [0][-]{chapter.8}{\376\377\000T\000e\000c\000h\000n\000i\000s\000c\000h\000e\000\040\000U\000m\000s\000e\000t\000z\000u\000n\000g}{}% 31
\BOOKMARK [1][-]{section.8.1}{\376\377\000E\000m\000o\000t\000i\000o\000n\000\040\000G\000e\000l\000a\000s\000s\000e\000n\000h\000e\000i\000t}{chapter.8}% 32
\BOOKMARK [2][-]{subsection.8.1.1}{\376\377\000E\000m\000o\000t\000i\000c\000o\000n\000O\000n\000e\000.\000c\000s\000s}{section.8.1}% 33
\BOOKMARK [2][-]{subsection.8.1.2}{\376\377\000E\000m\000o\000t\000i\000c\000o\000n\000O\000n\000e\000.\000t\000s\000x}{section.8.1}% 34
\BOOKMARK [2][-]{subsection.8.1.3}{\376\377\000T\000a\000b\000l\000e\000.\000c\000s\000s}{section.8.1}% 35
\BOOKMARK [2][-]{subsection.8.1.4}{\376\377\000T\000a\000b\000l\000e\000.\000t\000s\000x}{section.8.1}% 36
\BOOKMARK [1][-]{section.8.2}{\376\377\000E\000m\000o\000t\000i\000o\000n\000\040\000N\000o\000s\000t\000a\000l\000g\000i\000e}{chapter.8}% 37
\BOOKMARK [2][-]{subsection.8.2.1}{\376\377\000E\000m\000o\000t\000i\000c\000o\000n\000T\000w\000o\000.\000c\000s\000s}{section.8.2}% 38
\BOOKMARK [2][-]{subsection.8.2.2}{\376\377\000E\000m\000o\000t\000i\000c\000o\000n\000T\000w\000o\000.\000t\000s\000x}{section.8.2}% 39
\BOOKMARK [2][-]{subsection.8.2.3}{\376\377\000T\000a\000b\000l\000e\000.\000c\000s\000s}{section.8.2}% 40
\BOOKMARK [2][-]{subsection.8.2.4}{\376\377\000T\000a\000b\000l\000e\000.\000t\000s\000x}{section.8.2}% 41
\BOOKMARK [1][-]{section.8.3}{\376\377\000E\000m\000o\000t\000i\000o\000n\000\040\000S\000t\000r\000e\000s\000s\000\040\000-\000\040\000U\000n\000s\000i\000c\000h\000e\000r\000h\000e\000i\000t\000\040\000-\000\040\000W\000u\000t}{chapter.8}% 42
\BOOKMARK [2][-]{subsection.8.3.1}{\376\377\000T\000i\000m\000e\000r\000.\000t\000s\000x}{section.8.3}% 43
\BOOKMARK [2][-]{subsection.8.3.2}{\376\377\000E\000m\000o\000t\000i\000c\000o\000n\000T\000h\000r\000e\000e\000.\000c\000s\000s}{section.8.3}% 44
\BOOKMARK [2][-]{subsection.8.3.3}{\376\377\000t\000a\000b\000l\000e\000.\000c\000s\000s}{section.8.3}% 45
\BOOKMARK [2][-]{subsection.8.3.4}{\376\377\000E\000m\000o\000t\000i\000c\000o\000n\000T\000h\000r\000e\000e\000.\000t\000s\000x}{section.8.3}% 46
\BOOKMARK [2][-]{subsection.8.3.5}{\376\377\000T\000a\000b\000l\000e\000.\000t\000s\000x}{section.8.3}% 47
\BOOKMARK [2][-]{subsection.8.3.6}{\376\377\000H\000o\000m\000e\000.\000t\000s\000x}{section.8.3}% 48
\BOOKMARK [0][-]{chapter.9}{\376\377\000F\000a\000z\000i\000t}{}% 49
\BOOKMARK [1][-]{section.9.1}{\376\377\000A\000u\000f\000t\000e\000i\000l\000u\000n\000g\000\040\000d\000e\000r\000\040\000P\000r\000o\000j\000e\000k\000t\000a\000b\000s\000c\000h\000n\000i\000t\000t\000e}{chapter.9}% 50
\BOOKMARK [0][-]{section.9.1}{\376\377\000V\000e\000r\000z\000e\000i\000c\000h\000n\000i\000s\000s\000e}{}% 51
\BOOKMARK [1][-]{section*.30}{\376\377\000A\000b\000b\000i\000l\000d\000u\000n\000g\000s\000v\000e\000r\000z\000e\000i\000c\000h\000n\000i\000s}{section.9.1}% 52
\BOOKMARK [1][-]{section*.30}{\376\377\000T\000a\000b\000e\000l\000l\000e\000n\000v\000e\000r\000z\000e\000i\000c\000h\000n\000i\000s}{section.9.1}% 53
\BOOKMARK [1][-]{section*.30}{\376\377\000L\000i\000t\000e\000r\000a\000t\000u\000r\000v\000e\000r\000z\000e\000i\000c\000h\000n\000i\000s}{section.9.1}% 54
\BOOKMARK [0][-]{chapter*.32}{\376\377\000A\000b\000b\000i\000l\000d\000u\000n\000g\000s\000v\000e\000r\000z\000e\000i\000c\000h\000n\000i\000s}{}% 55
